# system.log
# 系统日志文件
[2026-06-23 14:01:43] [INFO] 系统初始化完成
[2026-06-23 14:01:43] [INFO] 添加标准间: 101
[2026-06-23 14:01:43] [INFO] 添加标准间: 102
[2026-06-23 14:01:43] [INFO] 添加豪华间: 201
[2026-06-23 14:01:43] [INFO] 添加豪华间: 202
[2026-06-23 14:01:43] [INFO] 添加套房: 301
[2026-06-23 14:01:43] [INFO] 注册客户: 张三 (C001)
[2026-06-23 14:01:43] [INFO] 注册客户: 李四 (C002)
[2026-06-23 14:01:43] [INFO] 注册VIP客户: 王五 (C003)
[2026-06-23 14:01:43] [INFO] 创建预订: B1 客户=C001 房间=101
[2026-06-23 14:01:43] [INFO] 创建预订: B2 客户=C002 房间=201
[2026-06-23 14:01:43] [INFO] 创建预订: B3 客户=C003 房间=301
[2026-06-23 14:01:43] [ERROR] 创建预订失败: 房间在指定日期不可用
[2026-06-23 14:01:43] [INFO] 入住成功: B1 房间=101
[2026-06-23 14:01:43] [INFO] 入住成功: B2 房间=201
[2026-06-23 14:01:43] [INFO] 入住成功: B3 房间=301
[2026-06-23 14:01:43] [INFO] 退房成功: B1 生成账单=BL1 总额=1644.500000
[2026-06-23 14:01:43] [INFO] 退房成功: B2 生成账单=BL2 总额=2415.600000
[2026-06-23 14:01:43] [INFO] 退房成功: B3 生成账单=BL3 总额=8455.590000
[2026-06-23 14:01:43] [INFO] 支付成功: BL1
[2026-06-23 14:01:43] [INFO] 支付成功: BL3
[2026-06-23 14:01:43] [ERROR] 业务异常: 测试异常
[2026-06-23 14:01:43] [INFO] 系统正在关闭，保存数据...
[2026-06-23 14:01:43] [INFO] 系统已关闭
